#
# There is insufficient memory for the Java Runtime Environment to continue.
# Native memory allocation (malloc) failed to allocate 705136 bytes for Chunk::new
# Possible reasons:
#   The system is out of physical RAM or swap space
#   The process is running with CompressedOops enabled, and the Java Heap may be blocking the growth of the native heap
# Possible solutions:
#   Reduce memory load on the system
#   Increase physical memory or swap space
#   Check if swap backing store is full
#   Decrease Java heap size (-Xmx/-Xms)
#   Decrease number of Java threads
#   Decrease Java thread stack sizes (-Xss)
#   Set larger code cache with -XX:ReservedCodeCacheSize=
#   JVM is running with Unscaled Compressed Oops mode in which the Java heap is
#     placed in the first 4GB address space. The Java Heap base address is the
#     maximum limit for the native heap growth. Please use -XX:HeapBaseMinAddress
#     to set the Java Heap base and to place the Java Heap above 4GB virtual address.
# This output file may be truncated or incomplete.
#
#  Out of Memory Error (arena.cpp:195), pid=12936, tid=19776
#
# JRE version: Java(TM) SE Runtime Environment (16.0.2+7) (build 16.0.2+7-67)
# Java VM: Java HotSpot(TM) 64-Bit Server VM (16.0.2+7-67, mixed mode, sharing, tiered, compressed oops, compressed class ptrs, g1 gc, windows-amd64)
# No core dump will be written. Minidumps are not enabled by default on client versions of Windows
#

---------------  S U M M A R Y ------------

Command Line: -javaagent:C:\Program Files\JetBrains\IntelliJ IDEA Community Edition 2021.1.3\lib\idea_rt.jar=52855:C:\Program Files\JetBrains\IntelliJ IDEA Community Edition 2021.1.3\bin -Dfile.encoding=UTF-8 Authentication.Service.AuthenticationServiceApplication

Host: AMD Ryzen 7 3700U with Radeon Vega Mobile Gfx  , 8 cores, 5G,  Windows 10 , 64 bit Build 19041 (10.0.19041.1202)
Time: Sun Oct 24 23:30:52 2021 Central Europe Daylight Time elapsed time: 7.908297 seconds (0d 0h 0m 7s)

---------------  T H R E A D  ---------------

Current thread (0x00000213166f9710):  JavaThread "C2 CompilerThread1" daemon [_thread_in_native, id=19776, stack(0x000000b84db00000,0x000000b84dc00000)]


Current CompileTask:
C2:   7908 4241       4       jdk.internal.loader.BuiltinClassLoader::defineClass (121 bytes)

Stack: [0x000000b84db00000,0x000000b84dc00000]
Native frames: (J=compiled Java code, j=interpreted, Vv=VM code, C=native code)
V  [jvm.dll+0x6681ca]
V  [jvm.dll+0x7c9e69]
V  [jvm.dll+0x7cb61e]
V  [jvm.dll+0x7cbc73]
V  [jvm.dll+0x242c55]
V  [jvm.dll+0xadeba]
V  [jvm.dll+0xae45c]
V  [jvm.dll+0x2a4cdf]
V  [jvm.dll+0x573c29]
V  [jvm.dll+0x21e48e]
V  [jvm.dll+0x217476]
V  [jvm.dll+0x214ffc]
V  [jvm.dll+0x1a1beb]
V  [jvm.dll+0x225158]
V  [jvm.dll+0x22319c]
V  [jvm.dll+0x77fa62]
V  [jvm.dll+0x7795aa]
V  [jvm.dll+0x667066]
C  [ucrtbase.dll+0x21bb2]
C  [KERNEL32.DLL+0x17034]
C  [ntdll.dll+0x52651]


---------------  P R O C E S S  ---------------

Threads class SMR info:
_java_thread_list=0x00000213192762f0, length=15, elements={
0x0000021378658790, 0x000002131537a180, 0x000002131537b5f0, 0x0000021315388750,
0x0000021315389160, 0x0000021315389e80, 0x00000213153ac7b0, 0x00000213153ad4a0,
0x00000213153ae4b0, 0x00000213153b4ab0, 0x0000021316036c00, 0x00000213163fe770,
0x00000213165005d0, 0x00000213166f9710, 0x00000213191c5f30
}

Java Threads: ( => current thread )
  0x0000021378658790 JavaThread "main" [_thread_in_vm, id=12956, stack(0x000000b84ca00000,0x000000b84cb00000)]
  0x000002131537a180 JavaThread "Reference Handler" daemon [_thread_blocked, id=3392, stack(0x000000b84d100000,0x000000b84d200000)]
  0x000002131537b5f0 JavaThread "Finalizer" daemon [_thread_blocked, id=11756, stack(0x000000b84d200000,0x000000b84d300000)]
  0x0000021315388750 JavaThread "Signal Dispatcher" daemon [_thread_blocked, id=3656, stack(0x000000b84d300000,0x000000b84d400000)]
  0x0000021315389160 JavaThread "Attach Listener" daemon [_thread_blocked, id=3192, stack(0x000000b84d400000,0x000000b84d500000)]
  0x0000021315389e80 JavaThread "Service Thread" daemon [_thread_blocked, id=19656, stack(0x000000b84d500000,0x000000b84d600000)]
  0x00000213153ac7b0 JavaThread "Monitor Deflation Thread" daemon [_thread_blocked, id=14692, stack(0x000000b84d600000,0x000000b84d700000)]
  0x00000213153ad4a0 JavaThread "C2 CompilerThread0" daemon [_thread_in_native, id=13256, stack(0x000000b84d700000,0x000000b84d800000)]
  0x00000213153ae4b0 JavaThread "C1 CompilerThread0" daemon [_thread_blocked, id=18104, stack(0x000000b84d800000,0x000000b84d900000)]
  0x00000213153b4ab0 JavaThread "Sweeper thread" daemon [_thread_blocked, id=13228, stack(0x000000b84d900000,0x000000b84da00000)]
  0x0000021316036c00 JavaThread "Common-Cleaner" daemon [_thread_blocked, id=19192, stack(0x000000b84da00000,0x000000b84db00000)]
  0x00000213163fe770 JavaThread "Monitor Ctrl-Break" daemon [_thread_in_native, id=6524, stack(0x000000b84dc00000,0x000000b84dd00000)]
  0x00000213165005d0 JavaThread "Notification Thread" daemon [_thread_blocked, id=10476, stack(0x000000b84dd00000,0x000000b84de00000)]
=>0x00000213166f9710 JavaThread "C2 CompilerThread1" daemon [_thread_in_native, id=19776, stack(0x000000b84db00000,0x000000b84dc00000)]
  0x00000213191c5f30 JavaThread "mysql-cj-abandoned-connection-cleanup" daemon [_thread_blocked, id=5816, stack(0x000000b84e800000,0x000000b84e900000)]

Other Threads:
  0x0000021315371f60 VMThread "VM Thread" [stack: 0x000000b84d000000,0x000000b84d100000] [id=15196]
  0x00000213163fec90 WatcherThread [stack: 0x000000b84de00000,0x000000b84df00000] [id=14824]
  0x0000021378691340 GCTaskThread "GC Thread#0" [stack: 0x000000b84cb00000,0x000000b84cc00000] [id=2436]
  0x0000021316ccf4a0 GCTaskThread "GC Thread#1" [stack: 0x000000b84e000000,0x000000b84e100000] [id=6236]
  0x0000021316baac20 GCTaskThread "GC Thread#2" [stack: 0x000000b84e100000,0x000000b84e200000] [id=6100]
  0x0000021316baaf30 GCTaskThread "GC Thread#3" [stack: 0x000000b84e200000,0x000000b84e300000] [id=7504]
  0x0000021316d4de10 GCTaskThread "GC Thread#4" [stack: 0x000000b84e300000,0x000000b84e400000] [id=2568]
  0x0000021316d4e120 GCTaskThread "GC Thread#5" [stack: 0x000000b84e400000,0x000000b84e500000] [id=1364]
  0x0000021317080cc0 GCTaskThread "GC Thread#6" [stack: 0x000000b84e500000,0x000000b84e600000] [id=12700]
  0x00000213170977f0 GCTaskThread "GC Thread#7" [stack: 0x000000b84e600000,0x000000b84e700000] [id=15504]
  0x00000213786a0230 ConcurrentGCThread "G1 Main Marker" [stack: 0x000000b84cc00000,0x000000b84cd00000] [id=13040]
  0x00000213786a23e0 ConcurrentGCThread "G1 Conc#0" [stack: 0x000000b84cd00000,0x000000b84ce00000] [id=9208]
  0x00000213172d6010 ConcurrentGCThread "G1 Conc#1" [stack: 0x000000b84df00000,0x000000b84e000000] [id=14552]
  0x00000213787142f0 ConcurrentGCThread "G1 Refine#0" [stack: 0x000000b84ce00000,0x000000b84cf00000] [id=5096]
  0x0000021316a3dfa0 ConcurrentGCThread "G1 Refine#1" [stack: 0x000000b84e700000,0x000000b84e800000] [id=16560]
  0x0000021378714d00 ConcurrentGCThread "G1 Service" [stack: 0x000000b84cf00000,0x000000b84d000000] [id=16576]

Threads with active compile tasks:
C2 CompilerThread0     7955 4275       4       java.lang.StringBuilder::toString (35 bytes)
C1 CompilerThread0     7955 4292       3       java.io.ByteArrayOutputStream::<init> (43 bytes)
C2 CompilerThread1     7955 4241       4       jdk.internal.loader.BuiltinClassLoader::defineClass (121 bytes)

VM state: not at safepoint (normal execution)

VM Mutex/Monitor currently owned by a thread:  ([mutex/lock_event])
[0x0000021378655c60] Compile_lock - owner thread: 0x00000213153ae4b0

Heap address: 0x00000000a0c00000, size: 1524 MB, Compressed Oops mode: 32-bit

CDS archive(s) mapped at: [0x0000000800000000-0x0000000800bb0000-0x0000000800bb0000), size 12255232, SharedBaseAddress: 0x0000000800000000, ArchiveRelocationMode: 0.
Compressed class space mapped at: 0x0000000800c00000-0x0000000840c00000, reserved size: 1073741824
Narrow klass base: 0x0000000800000000, Narrow klass shift: 3, Narrow klass range: 0x100000000

GC Precious Log:
 CPUs: 8 total, 8 available
 Memory: 6090M
 Large Page Support: Disabled
 NUMA Support: Disabled
 Compressed Oops: Enabled (32-bit)
 Heap Region Size: 1M
 Heap Min Capacity: 8M
 Heap Initial Capacity: 96M
 Heap Max Capacity: 1524M
 Pre-touch: Disabled
 Parallel Workers: 8
 Concurrent Workers: 2
 Concurrent Refinement Workers: 8
 Periodic GC: Disabled

Heap:
 garbage-first heap   total 61440K, used 29202K [0x00000000a0c00000, 0x0000000100000000)
  region size 1024K, 13 young (13312K), 2 survivors (2048K)
 Metaspace       used 38620K, committed 39040K, reserved 1089536K
  class space    used 5102K, committed 5312K, reserved 1048576K

Heap Regions: E=young(eden), S=young(survivor), O=old, HS=humongous(starts), HC=humongous(continues), CS=collection set, F=free, OA=open archive, CA=closed archive, TAMS=top-at-mark-start (previous, next)
|   0|0x00000000a0c00000, 0x00000000a0d00000, 0x00000000a0d00000|100%|HS|  |TAMS 0x00000000a0d00000, 0x00000000a0c00000| Complete 
|   1|0x00000000a0d00000, 0x00000000a0e00000, 0x00000000a0e00000|100%| O|  |TAMS 0x00000000a0e00000, 0x00000000a0d00000| Untracked 
|   2|0x00000000a0e00000, 0x00000000a0f00000, 0x00000000a0f00000|100%| O|  |TAMS 0x00000000a0f00000, 0x00000000a0e00000| Untracked 
|   3|0x00000000a0f00000, 0x00000000a1000000, 0x00000000a1000000|100%| O|  |TAMS 0x00000000a1000000, 0x00000000a0f00000| Untracked 
|   4|0x00000000a1000000, 0x00000000a1100000, 0x00000000a1100000|100%| O|  |TAMS 0x00000000a1100000, 0x00000000a1000000| Untracked 
|   5|0x00000000a1100000, 0x00000000a1200000, 0x00000000a1200000|100%| O|  |TAMS 0x00000000a1200000, 0x00000000a1100000| Untracked 
|   6|0x00000000a1200000, 0x00000000a1300000, 0x00000000a1300000|100%| O|  |TAMS 0x00000000a1300000, 0x00000000a1200000| Untracked 
|   7|0x00000000a1300000, 0x00000000a1400000, 0x00000000a1400000|100%| O|  |TAMS 0x00000000a1400000, 0x00000000a1300000| Untracked 
|   8|0x00000000a1400000, 0x00000000a1500000, 0x00000000a1500000|100%| O|  |TAMS 0x00000000a1500000, 0x00000000a1400000| Untracked 
|   9|0x00000000a1500000, 0x00000000a1524600, 0x00000000a1600000| 14%| O|  |TAMS 0x00000000a1524600, 0x00000000a1500000| Untracked 
|  10|0x00000000a1600000, 0x00000000a1700000, 0x00000000a1700000|100%| O|  |TAMS 0x00000000a1700000, 0x00000000a1600000| Untracked 
|  11|0x00000000a1700000, 0x00000000a1800000, 0x00000000a1800000|100%| O|  |TAMS 0x00000000a1800000, 0x00000000a1700000| Untracked 
|  12|0x00000000a1800000, 0x00000000a1900000, 0x00000000a1900000|100%| O|  |TAMS 0x00000000a1900000, 0x00000000a1800000| Untracked 
|  13|0x00000000a1900000, 0x00000000a1a00000, 0x00000000a1a00000|100%| O|  |TAMS 0x00000000a1a00000, 0x00000000a1900000| Untracked 
|  14|0x00000000a1a00000, 0x00000000a1b00000, 0x00000000a1b00000|100%| O|  |TAMS 0x00000000a1b00000, 0x00000000a1a00000| Untracked 
|  15|0x00000000a1b00000, 0x00000000a1c00000, 0x00000000a1c00000|100%| O|  |TAMS 0x00000000a1c00000, 0x00000000a1b00000| Untracked 
|  16|0x00000000a1c00000, 0x00000000a1d00000, 0x00000000a1d00000|100%| O|  |TAMS 0x00000000a1d00000, 0x00000000a1c00000| Untracked 
|  17|0x00000000a1d00000, 0x00000000a1d98400, 0x00000000a1e00000| 59%| O|  |TAMS 0x00000000a1d98400, 0x00000000a1d00000| Untracked 
|  18|0x00000000a1e00000, 0x00000000a1e00000, 0x00000000a1f00000|  0%| F|  |TAMS 0x00000000a1e00000, 0x00000000a1e00000| Untracked 
|  19|0x00000000a1f00000, 0x00000000a1f00000, 0x00000000a2000000|  0%| F|  |TAMS 0x00000000a1f00000, 0x00000000a1f00000| Untracked 
|  20|0x00000000a2000000, 0x00000000a2000000, 0x00000000a2100000|  0%| F|  |TAMS 0x00000000a2000000, 0x00000000a2000000| Untracked 
|  21|0x00000000a2100000, 0x00000000a2100000, 0x00000000a2200000|  0%| F|  |TAMS 0x00000000a2100000, 0x00000000a2100000| Untracked 
|  22|0x00000000a2200000, 0x00000000a2200000, 0x00000000a2300000|  0%| F|  |TAMS 0x00000000a2200000, 0x00000000a2200000| Untracked 
|  23|0x00000000a2300000, 0x00000000a2300000, 0x00000000a2400000|  0%| F|  |TAMS 0x00000000a2300000, 0x00000000a2300000| Untracked 
|  24|0x00000000a2400000, 0x00000000a2400000, 0x00000000a2500000|  0%| F|  |TAMS 0x00000000a2400000, 0x00000000a2400000| Untracked 
|  25|0x00000000a2500000, 0x00000000a2500000, 0x00000000a2600000|  0%| F|  |TAMS 0x00000000a2500000, 0x00000000a2500000| Untracked 
|  26|0x00000000a2600000, 0x00000000a2600000, 0x00000000a2700000|  0%| F|  |TAMS 0x00000000a2600000, 0x00000000a2600000| Untracked 
|  27|0x00000000a2700000, 0x00000000a2700000, 0x00000000a2800000|  0%| F|  |TAMS 0x00000000a2700000, 0x00000000a2700000| Untracked 
|  28|0x00000000a2800000, 0x00000000a2800000, 0x00000000a2900000|  0%| F|  |TAMS 0x00000000a2800000, 0x00000000a2800000| Untracked 
|  29|0x00000000a2900000, 0x00000000a2900000, 0x00000000a2a00000|  0%| F|  |TAMS 0x00000000a2900000, 0x00000000a2900000| Untracked 
|  30|0x00000000a2a00000, 0x00000000a2a00000, 0x00000000a2b00000|  0%| F|  |TAMS 0x00000000a2a00000, 0x00000000a2a00000| Untracked 
|  31|0x00000000a2b00000, 0x00000000a2b00000, 0x00000000a2c00000|  0%| F|  |TAMS 0x00000000a2b00000, 0x00000000a2b00000| Untracked 
|  32|0x00000000a2c00000, 0x00000000a2c00000, 0x00000000a2d00000|  0%| F|  |TAMS 0x00000000a2c00000, 0x00000000a2c00000| Untracked 
|  33|0x00000000a2d00000, 0x00000000a2d00000, 0x00000000a2e00000|  0%| F|  |TAMS 0x00000000a2d00000, 0x00000000a2d00000| Untracked 
|  34|0x00000000a2e00000, 0x00000000a2e00000, 0x00000000a2f00000|  0%| F|  |TAMS 0x00000000a2e00000, 0x00000000a2e00000| Untracked 
|  35|0x00000000a2f00000, 0x00000000a2f00000, 0x00000000a3000000|  0%| F|  |TAMS 0x00000000a2f00000, 0x00000000a2f00000| Untracked 
|  36|0x00000000a3000000, 0x00000000a3000000, 0x00000000a3100000|  0%| F|  |TAMS 0x00000000a3000000, 0x00000000a3000000| Untracked 
|  37|0x00000000a3100000, 0x00000000a3100000, 0x00000000a3200000|  0%| F|  |TAMS 0x00000000a3100000, 0x00000000a3100000| Untracked 
|  38|0x00000000a3200000, 0x00000000a3200000, 0x00000000a3300000|  0%| F|  |TAMS 0x00000000a3200000, 0x00000000a3200000| Untracked 
|  39|0x00000000a3300000, 0x00000000a3300000, 0x00000000a3400000|  0%| F|  |TAMS 0x00000000a3300000, 0x00000000a3300000| Untracked 
|  40|0x00000000a3400000, 0x00000000a34c8010, 0x00000000a3500000| 78%| S|CS|TAMS 0x00000000a3400000, 0x00000000a3400000| Complete 
|  41|0x00000000a3500000, 0x00000000a3600000, 0x00000000a3600000|100%| S|CS|TAMS 0x00000000a3500000, 0x00000000a3500000| Complete 
|  42|0x00000000a3600000, 0x00000000a3600000, 0x00000000a3700000|  0%| F|  |TAMS 0x00000000a3600000, 0x00000000a3600000| Untracked 
|  43|0x00000000a3700000, 0x00000000a3700000, 0x00000000a3800000|  0%| F|  |TAMS 0x00000000a3700000, 0x00000000a3700000| Untracked 
|  44|0x00000000a3800000, 0x00000000a3800000, 0x00000000a3900000|  0%| F|  |TAMS 0x00000000a3800000, 0x00000000a3800000| Untracked 
|  45|0x00000000a3900000, 0x00000000a3900000, 0x00000000a3a00000|  0%| F|  |TAMS 0x00000000a3900000, 0x00000000a3900000| Untracked 
|  46|0x00000000a3a00000, 0x00000000a3a00000, 0x00000000a3b00000|  0%| F|  |TAMS 0x00000000a3a00000, 0x00000000a3a00000| Untracked 
|  47|0x00000000a3b00000, 0x00000000a3b00000, 0x00000000a3c00000|  0%| F|  |TAMS 0x00000000a3b00000, 0x00000000a3b00000| Untracked 
|  48|0x00000000a3c00000, 0x00000000a3c00000, 0x00000000a3d00000|  0%| F|  |TAMS 0x00000000a3c00000, 0x00000000a3c00000| Untracked 
|  49|0x00000000a3d00000, 0x00000000a3d80800, 0x00000000a3e00000| 50%| E|  |TAMS 0x00000000a3d00000, 0x00000000a3d00000| Complete 
|  50|0x00000000a3e00000, 0x00000000a3f00000, 0x00000000a3f00000|100%| E|CS|TAMS 0x00000000a3e00000, 0x00000000a3e00000| Complete 
|  51|0x00000000a3f00000, 0x00000000a4000000, 0x00000000a4000000|100%| E|CS|TAMS 0x00000000a3f00000, 0x00000000a3f00000| Complete 
|  52|0x00000000a4000000, 0x00000000a4100000, 0x00000000a4100000|100%| E|CS|TAMS 0x00000000a4000000, 0x00000000a4000000| Complete 
|  53|0x00000000a4100000, 0x00000000a4200000, 0x00000000a4200000|100%| E|CS|TAMS 0x00000000a4100000, 0x00000000a4100000| Complete 
|  54|0x00000000a4200000, 0x00000000a4300000, 0x00000000a4300000|100%| E|CS|TAMS 0x00000000a4200000, 0x00000000a4200000| Complete 
|  86|0x00000000a6200000, 0x00000000a6300000, 0x00000000a6300000|100%| E|CS|TAMS 0x00000000a6200000, 0x00000000a6200000| Complete 
|  87|0x00000000a6300000, 0x00000000a6400000, 0x00000000a6400000|100%| E|CS|TAMS 0x00000000a6300000, 0x00000000a6300000| Complete 
|  88|0x00000000a6400000, 0x00000000a6500000, 0x00000000a6500000|100%| E|CS|TAMS 0x00000000a6400000, 0x00000000a6400000| Complete 
|  89|0x00000000a6500000, 0x00000000a6600000, 0x00000000a6600000|100%| E|CS|TAMS 0x00000000a6500000, 0x00000000a6500000| Complete 
|  95|0x00000000a6b00000, 0x00000000a6c00000, 0x00000000a6c00000|100%| E|CS|TAMS 0x00000000a6b00000, 0x00000000a6b00000| Complete 

Card table byte_map: [0x000002130f420000,0x000002130f720000] _byte_map_base: 0x000002130ef1a000

Marking Bits (Prev, Next): (CMBitMap*) 0x0000021378692950, (CMBitMap*) 0x0000021378692990
 Prev Bits: [0x000002130fa20000, 0x00000213111f0000)
 Next Bits: [0x00000213111f0000, 0x00000213129c0000)

Polling page: 0x00000213765e0000

Metaspace:

Usage:
  Non-class:     32.79 MB used.
      Class:      4.99 MB used.
       Both:     37.78 MB used.

Virtual space:
  Non-class space:       40.00 MB reserved,      33.00 MB ( 82%) committed,  5 nodes.
      Class space:        1.00 GB reserved,       5.19 MB ( <1%) committed,  1 nodes.
              Both:        1.04 GB reserved,      38.19 MB (  4%) committed. 

Chunk freelists:
   Non-Class:  2.69 MB
       Class:  2.69 MB
        Both:  5.37 MB

MaxMetaspaceSize: 17179869184.00 GB
CompressedClassSpaceSize: 1.00 GB
 - commit_granule_bytes: 65536.
 - commit_granule_words: 8192.
 - virtual_space_node_default_size: 1048576.
 - enlarge_chunks_in_place: 1.
 - new_chunks_are_fully_committed: 0.
 - uncommit_free_chunks: 1.
 - use_allocation_guard: 0.
 - handle_deallocations: 1.


Internal statistics:

num_allocs_failed_limit: 6.
num_arena_births: 354.
num_arena_deaths: 0.
num_vsnodes_births: 6.
num_vsnodes_deaths: 0.
num_space_committed: 611.
num_space_uncommitted: 0.
num_chunks_returned_to_freelist: 6.
num_chunks_taken_from_freelist: 1713.
num_chunk_merges: 6.
num_chunk_splits: 1188.
num_chunks_enlarged: 924.
num_purges: 0.

CodeHeap 'non-profiled nmethods': size=120000Kb used=2422Kb max_used=2422Kb free=117577Kb
 bounds [0x0000021307ad0000, 0x0000021307d40000, 0x000002130f000000]
CodeHeap 'profiled nmethods': size=120000Kb used=9548Kb max_used=9548Kb free=110452Kb
 bounds [0x00000213005a0000, 0x0000021300f00000, 0x0000021307ad0000]
CodeHeap 'non-nmethods': size=5760Kb used=1245Kb max_used=1281Kb free=4514Kb
 bounds [0x0000021300000000, 0x0000021300270000, 0x00000213005a0000]
 total_blobs=4786 nmethods=4234 adapters=464
 compilation: enabled
              stopped_count=0, restarted_count=0
 full_count=0

Compilation events (20 events):
Event: 7.879 Thread 0x00000213153ae4b0 4268       3       java.util.ImmutableCollections$AbstractImmutableList::<init> (5 bytes)
Event: 7.879 Thread 0x00000213153ae4b0 nmethod 4268 0x0000021300ee5490 code [0x0000021300ee5640, 0x0000021300ee5878]
Event: 7.879 Thread 0x00000213153ae4b0 4269       1       java.security.Provider$Service::getClassName (5 bytes)
Event: 7.879 Thread 0x00000213153ae4b0 nmethod 4269 0x0000021307d2cb90 code [0x0000021307d2cd20, 0x0000021307d2cdf8]
Event: 7.892 Thread 0x00000213153ae4b0 4270       3       java.util.regex.ASCII::toLower (16 bytes)
Event: 7.893 Thread 0x00000213153ae4b0 nmethod 4270 0x0000021300ee5990 code [0x0000021300ee5b40, 0x0000021300ee5d38]
Event: 7.893 Thread 0x00000213153ae4b0 4272       3       java.util.regex.Pattern$SliceI::match (96 bytes)
Event: 7.893 Thread 0x00000213153ae4b0 nmethod 4272 0x0000021300ee5e10 code [0x0000021300ee6000, 0x0000021300ee6658]
Event: 7.893 Thread 0x00000213153ae4b0 4271       3       java.util.regex.ASCII::isUpper (18 bytes)
Event: 7.893 Thread 0x00000213153ae4b0 nmethod 4271 0x0000021300ee6890 code [0x0000021300ee6a20, 0x0000021300ee6b78]
Event: 7.900 Thread 0x00000213153ae4b0 4273       1       sun.security.util.KnownOIDs::aliases (5 bytes)
Event: 7.901 Thread 0x00000213153ae4b0 nmethod 4273 0x0000021307d2ce90 code [0x0000021307d2d020, 0x0000021307d2d0f8]
Event: 7.902 Thread 0x00000213153ae4b0 4276       3       java.security.Provider::checkInitialized (16 bytes)
Event: 7.902 Thread 0x00000213153ae4b0 nmethod 4276 0x0000021300ee6c10 code [0x0000021300ee6dc0, 0x0000021300ee6fc8]
Event: 7.902 Thread 0x00000213153ae4b0 4277       3       java.security.Provider$Service::<init> (184 bytes)
Event: 7.904 Thread 0x00000213153ae4b0 nmethod 4277 0x0000021300ee7090 code [0x0000021300ee73c0, 0x0000021300ee8b78]
Event: 7.904 Thread 0x00000213153ae4b0 4278       3       java.security.Provider::getEngineName (49 bytes)
Event: 7.905 Thread 0x00000213153ae4b0 nmethod 4278 0x0000021300ee9190 code [0x0000021300ee93c0, 0x0000021300ee9c78]
Event: 7.905 Thread 0x00000213153ae4b0 4279       3       java.security.Provider::check (18 bytes)
Event: 7.905 Thread 0x00000213153ae4b0 nmethod 4279 0x0000021300ee9f10 code [0x0000021300eea100, 0x0000021300eea578]

GC Heap History (20 events):
Event: 1.369 GC heap before
{Heap before GC invocations=0 (full 0):
 garbage-first heap   total 98304K, used 23552K [0x00000000a0c00000, 0x0000000100000000)
  region size 1024K, 23 young (23552K), 0 survivors (0K)
 Metaspace       used 5899K, committed 6144K, reserved 1056768K
  class space    used 649K, committed 768K, reserved 1048576K
}
Event: 1.383 GC heap after
{Heap after GC invocations=1 (full 0):
 garbage-first heap   total 98304K, used 7715K [0x00000000a0c00000, 0x0000000100000000)
  region size 1024K, 3 young (3072K), 3 survivors (3072K)
 Metaspace       used 5899K, committed 6144K, reserved 1056768K
  class space    used 649K, committed 768K, reserved 1048576K
}
Event: 2.162 GC heap before
{Heap before GC invocations=1 (full 0):
 garbage-first heap   total 98304K, used 31267K [0x00000000a0c00000, 0x0000000100000000)
  region size 1024K, 27 young (27648K), 3 survivors (3072K)
 Metaspace       used 11989K, committed 12224K, reserved 1064960K
  class space    used 1521K, committed 1664K, reserved 1048576K
}
Event: 2.170 GC heap after
{Heap after GC invocations=2 (full 0):
 garbage-first heap   total 98304K, used 9568K [0x00000000a0c00000, 0x0000000100000000)
  region size 1024K, 2 young (2048K), 2 survivors (2048K)
 Metaspace       used 11989K, committed 12224K, reserved 1064960K
  class space    used 1521K, committed 1664K, reserved 1048576K
}
Event: 3.137 GC heap before
{Heap before GC invocations=2 (full 0):
 garbage-first heap   total 98304K, used 56672K [0x00000000a0c00000, 0x0000000100000000)
  region size 1024K, 49 young (50176K), 2 survivors (2048K)
 Metaspace       used 18791K, committed 19072K, reserved 1073152K
  class space    used 2350K, committed 2496K, reserved 1048576K
}
Event: 3.144 GC heap after
{Heap after GC invocations=3 (full 0):
 garbage-first heap   total 98304K, used 12011K [0x00000000a0c00000, 0x0000000100000000)
  region size 1024K, 5 young (5120K), 5 survivors (5120K)
 Metaspace       used 18791K, committed 19072K, reserved 1073152K
  class space    used 2350K, committed 2496K, reserved 1048576K
}
Event: 3.668 GC heap before
{Heap before GC invocations=3 (full 0):
 garbage-first heap   total 98304K, used 63211K [0x00000000a0c00000, 0x0000000100000000)
  region size 1024K, 56 young (57344K), 5 survivors (5120K)
 Metaspace       used 20628K, committed 20864K, reserved 1073152K
  class space    used 2576K, committed 2688K, reserved 1048576K
}
Event: 3.678 GC heap after
{Heap after GC invocations=4 (full 0):
 garbage-first heap   total 98304K, used 13118K [0x00000000a0c00000, 0x0000000100000000)
  region size 1024K, 4 young (4096K), 4 survivors (4096K)
 Metaspace       used 20628K, committed 20864K, reserved 1073152K
  class space    used 2576K, committed 2688K, reserved 1048576K
}
Event: 3.827 GC heap before
{Heap before GC invocations=4 (full 0):
 garbage-first heap   total 98304K, used 18238K [0x00000000a0c00000, 0x0000000100000000)
  region size 1024K, 10 young (10240K), 4 survivors (4096K)
 Metaspace       used 21000K, committed 21248K, reserved 1073152K
  class space    used 2629K, committed 2752K, reserved 1048576K
}
Event: 3.836 GC heap after
{Heap after GC invocations=5 (full 0):
 garbage-first heap   total 98304K, used 13457K [0x00000000a0c00000, 0x0000000100000000)
  region size 1024K, 4 young (4096K), 4 survivors (4096K)
 Metaspace       used 21000K, committed 21248K, reserved 1073152K
  class space    used 2629K, committed 2752K, reserved 1048576K
}
Event: 4.919 GC heap before
{Heap before GC invocations=6 (full 0):
 garbage-first heap   total 51200K, used 40081K [0x00000000a0c00000, 0x0000000100000000)
  region size 1024K, 30 young (30720K), 4 survivors (4096K)
 Metaspace       used 24880K, committed 25152K, reserved 1073152K
  class space    used 3173K, committed 3328K, reserved 1048576K
}
Event: 4.933 GC heap after
{Heap after GC invocations=7 (full 0):
 garbage-first heap   total 51200K, used 15185K [0x00000000a0c00000, 0x0000000100000000)
  region size 1024K, 4 young (4096K), 4 survivors (4096K)
 Metaspace       used 24880K, committed 25152K, reserved 1073152K
  class space    used 3173K, committed 3328K, reserved 1048576K
}
Event: 5.872 GC heap before
{Heap before GC invocations=7 (full 0):
 garbage-first heap   total 51200K, used 36689K [0x00000000a0c00000, 0x0000000100000000)
  region size 1024K, 25 young (25600K), 4 survivors (4096K)
 Metaspace       used 29137K, committed 29440K, reserved 1081344K
  class space    used 3766K, committed 3904K, reserved 1048576K
}
Event: 5.885 GC heap after
{Heap after GC invocations=8 (full 0):
 garbage-first heap   total 61440K, used 16995K [0x00000000a0c00000, 0x0000000100000000)
  region size 1024K, 4 young (4096K), 4 survivors (4096K)
 Metaspace       used 29137K, committed 29440K, reserved 1081344K
  class space    used 3766K, committed 3904K, reserved 1048576K
}
Event: 6.014 GC heap before
{Heap before GC invocations=8 (full 0):
 garbage-first heap   total 61440K, used 42595K [0x00000000a0c00000, 0x0000000100000000)
  region size 1024K, 30 young (30720K), 4 survivors (4096K)
 Metaspace       used 29830K, committed 30144K, reserved 1081344K
  class space    used 3830K, committed 3968K, reserved 1048576K
}
Event: 6.026 GC heap after
{Heap after GC invocations=9 (full 0):
 garbage-first heap   total 61440K, used 17914K [0x00000000a0c00000, 0x0000000100000000)
  region size 1024K, 1 young (1024K), 1 survivors (1024K)
 Metaspace       used 29830K, committed 30144K, reserved 1081344K
  class space    used 3830K, committed 3968K, reserved 1048576K
}
Event: 6.406 GC heap before
{Heap before GC invocations=9 (full 0):
 garbage-first heap   total 61440K, used 44538K [0x00000000a0c00000, 0x0000000100000000)
  region size 1024K, 28 young (28672K), 1 survivors (1024K)
 Metaspace       used 30824K, committed 31232K, reserved 1081344K
  class space    used 3962K, committed 4160K, reserved 1048576K
}
Event: 6.412 GC heap after
{Heap after GC invocations=10 (full 0):
 garbage-first heap   total 61440K, used 18162K [0x00000000a0c00000, 0x0000000100000000)
  region size 1024K, 1 young (1024K), 1 survivors (1024K)
 Metaspace       used 30824K, committed 31232K, reserved 1081344K
  class space    used 3962K, committed 4160K, reserved 1048576K
}
Event: 7.363 GC heap before
{Heap before GC invocations=10 (full 0):
 garbage-first heap   total 61440K, used 35570K [0x00000000a0c00000, 0x0000000100000000)
  region size 1024K, 19 young (19456K), 1 survivors (1024K)
 Metaspace       used 35226K, committed 35520K, reserved 1081344K
  class space    used 4715K, committed 4864K, reserved 1048576K
}
Event: 7.374 GC heap after
{Heap after GC invocations=11 (full 0):
 garbage-first heap   total 61440K, used 18962K [0x00000000a0c00000, 0x0000000100000000)
  region size 1024K, 2 young (2048K), 2 survivors (2048K)
 Metaspace       used 35226K, committed 35520K, reserved 1081344K
  class space    used 4715K, committed 4864K, reserved 1048576K
}

Deoptimization events (20 events):
Event: 7.594 Thread 0x0000021378658790 DEOPT PACKING pc=0x0000021300ebfe49 sp=0x000000b84caf7290
Event: 7.594 Thread 0x0000021378658790 DEOPT UNPACKING pc=0x000002130004dece sp=0x000000b84caf6780 mode 0
Event: 7.595 Thread 0x0000021378658790 DEOPT PACKING pc=0x0000021300ebfe49 sp=0x000000b84caf7290
Event: 7.595 Thread 0x0000021378658790 DEOPT UNPACKING pc=0x000002130004dece sp=0x000000b84caf6780 mode 0
Event: 7.596 Thread 0x0000021378658790 DEOPT PACKING pc=0x0000021300ebfe49 sp=0x000000b84caf7290
Event: 7.596 Thread 0x0000021378658790 DEOPT UNPACKING pc=0x000002130004dece sp=0x000000b84caf6780 mode 0
Event: 7.596 Thread 0x0000021378658790 DEOPT PACKING pc=0x0000021300ebfe49 sp=0x000000b84caf7290
Event: 7.596 Thread 0x0000021378658790 DEOPT UNPACKING pc=0x000002130004dece sp=0x000000b84caf6780 mode 0
Event: 7.597 Thread 0x0000021378658790 DEOPT PACKING pc=0x0000021300ebfe49 sp=0x000000b84caf7290
Event: 7.597 Thread 0x0000021378658790 DEOPT UNPACKING pc=0x000002130004dece sp=0x000000b84caf6780 mode 0
Event: 7.597 Thread 0x0000021378658790 DEOPT PACKING pc=0x0000021300ebfe49 sp=0x000000b84caf7290
Event: 7.597 Thread 0x0000021378658790 DEOPT UNPACKING pc=0x000002130004dece sp=0x000000b84caf6780 mode 0
Event: 7.842 Thread 0x0000021378658790 Uncommon trap: trap_request=0xffffff45 fr.pc=0x0000021307d1cd5c relative=0x0000000000000f3c
Event: 7.842 Thread 0x0000021378658790 Uncommon trap: reason=unstable_if action=reinterpret pc=0x0000021307d1cd5c method=java.util.Properties$LineReader.readLine()I @ 153 c2
Event: 7.842 Thread 0x0000021378658790 DEOPT PACKING pc=0x0000021307d1cd5c sp=0x000000b84caf8ee0
Event: 7.842 Thread 0x0000021378658790 DEOPT UNPACKING pc=0x000002130004d72e sp=0x000000b84caf8e70 mode 2
Event: 7.842 Thread 0x0000021378658790 Uncommon trap: trap_request=0xffffff45 fr.pc=0x0000021307cbba98 relative=0x0000000000000dd8
Event: 7.842 Thread 0x0000021378658790 Uncommon trap: reason=unstable_if action=reinterpret pc=0x0000021307cbba98 method=java.util.Properties$LineReader.readLine()I @ 153 c2
Event: 7.842 Thread 0x0000021378658790 DEOPT PACKING pc=0x0000021307cbba98 sp=0x000000b84caf8ee0
Event: 7.842 Thread 0x0000021378658790 DEOPT UNPACKING pc=0x000002130004d72e sp=0x000000b84caf8e70 mode 2

Classes unloaded (0 events):
No events

Classes redefined (0 events):
No events

Internal exceptions (20 events):
Event: 6.227 Thread 0x0000021378658790 Exception <a 'java/lang/ClassNotFoundException'{0x00000000a33673b8}: org/springframework/data/repository/core/support/RepositoryFactoryBeanSupportCustomizer> (0x00000000a33673b8) 
thrown [t:\workspace\open\src\hotspot\share\classfile\systemDictionary.cpp, line 256]
Event: 6.234 Thread 0x0000021378658790 Exception <a 'java/lang/ClassNotFoundException'{0x00000000a3393b18}: org/springframework/data/repository/core/support/TransactionalRepositoryFactoryBeanSupportCustomizer> (0x00000000a3393b18) 
thrown [t:\workspace\open\src\hotspot\share\classfile\systemDictionary.cpp, line 256]
Event: 6.238 Thread 0x0000021378658790 Exception <a 'java/lang/ClassNotFoundException'{0x00000000a33a3cd0}: org/springframework/data/jpa/repository/support/JpaRepositoryFactoryBeanCustomizer> (0x00000000a33a3cd0) 
thrown [t:\workspace\open\src\hotspot\share\classfile\systemDictionary.cpp, line 256]
Event: 6.244 Thread 0x0000021378658790 Exception <a 'java/lang/ClassNotFoundException'{0x00000000a33d4ad0}: org/springframework/beans/factory/BeanFactoryAwareCustomizer> (0x00000000a33d4ad0) 
thrown [t:\workspace\open\src\hotspot\share\classfile\systemDictionary.cpp, line 256]
Event: 6.247 Thread 0x0000021378658790 Exception <a 'java/lang/ClassNotFoundException'{0x00000000a33dc0f0}: org/springframework/beans/factory/AwareCustomizer> (0x00000000a33dc0f0) 
thrown [t:\workspace\open\src\hotspot\share\classfile\systemDictionary.cpp, line 256]
Event: 6.248 Thread 0x0000021378658790 Exception <a 'java/lang/ClassNotFoundException'{0x00000000a33e2410}: org/springframework/beans/factory/InitializingBeanCustomizer> (0x00000000a33e2410) 
thrown [t:\workspace\open\src\hotspot\share\classfile\systemDictionary.cpp, line 256]
Event: 6.250 Thread 0x0000021378658790 Exception <a 'java/lang/ClassNotFoundException'{0x00000000a33e9a28}: org/springframework/data/repository/core/support/RepositoryFactoryInformationCustomizer> (0x00000000a33e9a28) 
thrown [t:\workspace\open\src\hotspot\share\classfile\systemDictionary.cpp, line 256]
Event: 6.254 Thread 0x0000021378658790 Exception <a 'java/lang/ClassNotFoundException'{0x00000000a33f64f8}: org/springframework/beans/factory/FactoryBeanCustomizer> (0x00000000a33f64f8) 
thrown [t:\workspace\open\src\hotspot\share\classfile\systemDictionary.cpp, line 256]
Event: 6.256 Thread 0x0000021378658790 Exception <a 'java/lang/ClassNotFoundException'{0x00000000a3201038}: org/springframework/beans/factory/BeanClassLoaderAwareCustomizer> (0x00000000a3201038) 
thrown [t:\workspace\open\src\hotspot\share\classfile\systemDictionary.cpp, line 256]
Event: 6.258 Thread 0x0000021378658790 Exception <a 'java/lang/ClassNotFoundException'{0x00000000a3207ee8}: org/springframework/beans/factory/AwareCustomizer> (0x00000000a3207ee8) 
thrown [t:\workspace\open\src\hotspot\share\classfile\systemDictionary.cpp, line 256]
Event: 6.260 Thread 0x0000021378658790 Exception <a 'java/lang/ClassNotFoundException'{0x00000000a320e180}: org/springframework/beans/factory/BeanFactoryAwareCustomizer> (0x00000000a320e180) 
thrown [t:\workspace\open\src\hotspot\share\classfile\systemDictionary.cpp, line 256]
Event: 6.261 Thread 0x0000021378658790 Exception <a 'java/lang/ClassNotFoundException'{0x00000000a3215780}: org/springframework/beans/factory/AwareCustomizer> (0x00000000a3215780) 
thrown [t:\workspace\open\src\hotspot\share\classfile\systemDictionary.cpp, line 256]
Event: 6.263 Thread 0x0000021378658790 Exception <a 'java/lang/ClassNotFoundException'{0x00000000a321bc08}: org/springframework/context/ApplicationEventPublisherAwareCustomizer> (0x00000000a321bc08) 
thrown [t:\workspace\open\src\hotspot\share\classfile\systemDictionary.cpp, line 256]
Event: 6.265 Thread 0x0000021378658790 Exception <a 'java/lang/ClassNotFoundException'{0x00000000a32231f0}: org/springframework/beans/factory/AwareCustomizer> (0x00000000a32231f0) 
thrown [t:\workspace\open\src\hotspot\share\classfile\systemDictionary.cpp, line 256]
Event: 6.276 Thread 0x0000021378658790 Exception <a 'java/lang/ClassNotFoundException'{0x00000000a325d4a8}: java/lang/ObjectCustomizer> (0x00000000a325d4a8) 
thrown [t:\workspace\open\src\hotspot\share\classfile\systemDictionary.cpp, line 256]
Event: 6.278 Thread 0x0000021378658790 Exception <a 'java/lang/ClassNotFoundException'{0x00000000a3266f98}: org/springframework/core/io/support/PropertiesLoaderSupportCustomizer> (0x00000000a3266f98) 
thrown [t:\workspace\open\src\hotspot\share\classfile\systemDictionary.cpp, line 256]
Event: 6.281 Thread 0x0000021378658790 Exception <a 'java/lang/ClassNotFoundException'{0x00000000a3275c10}: org/springframework/beans/factory/config/PropertiesFactoryBeanCustomizer> (0x00000000a3275c10) 
thrown [t:\workspace\open\src\hotspot\share\classfile\systemDictionary.cpp, line 256]
Event: 6.285 Thread 0x0000021378658790 Exception <a 'java/lang/ClassNotFoundException'{0x00000000a328c940}: org/springframework/beans/factory/FactoryBeanCustomizer> (0x00000000a328c940) 
thrown [t:\workspace\open\src\hotspot\share\classfile\systemDictionary.cpp, line 256]
Event: 6.287 Thread 0x0000021378658790 Exception <a 'java/lang/ClassNotFoundException'{0x00000000a32955e8}: org/springframework/beans/factory/InitializingBeanCustomizer> (0x00000000a32955e8) 
thrown [t:\workspace\open\src\hotspot\share\classfile\systemDictionary.cpp, line 256]
Event: 6.490 Thread 0x0000021378658790 Implicit null exception at 0x0000021307c5b25f to 0x0000021307c5b628

Events (20 events):
Event: 7.897 loading class sun/security/ssl/SSLCipher$StreamWriteCipherGenerator
Event: 7.897 loading class sun/security/ssl/SSLCipher$StreamWriteCipherGenerator done
Event: 7.897 loading class javax/crypto/Cipher
Event: 7.898 loading class javax/crypto/Cipher done
Event: 7.899 loading class javax/crypto/Cipher$Transform
Event: 7.899 loading class javax/crypto/Cipher$Transform done
Event: 7.899 loading class sun/security/jca/ServiceId
Event: 7.899 loading class sun/security/jca/ServiceId done
Event: 7.899 loading class com/sun/crypto/provider/SunJCE
Event: 7.900 loading class com/sun/crypto/provider/SunJCE done
Event: 7.903 loading class javax/crypto/JceSecurity
Event: 7.904 loading class javax/crypto/JceSecurity done
Event: 7.904 loading class javax/crypto/JceSecurity$1
Event: 7.904 loading class javax/crypto/JceSecurity$1 done
Event: 7.905 loading class java/nio/file/AccessMode
Event: 7.905 loading class java/nio/file/AccessMode done
Event: 7.905 loading class sun/nio/fs/WindowsFileSystemProvider$1
Event: 7.905 loading class sun/nio/fs/WindowsFileSystemProvider$1 done
Event: 7.906 loading class sun/nio/fs/WindowsException
Event: 7.906 loading class sun/nio/fs/WindowsException done


Dynamic libraries:
0x00007ff7305e0000 - 0x00007ff7305f0000 	C:\Program Files\Java\jdk-16.0.2\bin\java.exe
0x00007ffeb07d0000 - 0x00007ffeb09c5000 	C:\WINDOWS\SYSTEM32\ntdll.dll
0x00007ffeb0380000 - 0x00007ffeb043e000 	C:\WINDOWS\System32\KERNEL32.DLL
0x00007ffeae220000 - 0x00007ffeae4e9000 	C:\WINDOWS\System32\KERNELBASE.dll
0x00007ffeae5d0000 - 0x00007ffeae6d0000 	C:\WINDOWS\System32\ucrtbase.dll
0x00007ffe9a4b0000 - 0x00007ffe9a4c9000 	C:\Program Files\Java\jdk-16.0.2\bin\VCRUNTIME140.dll
0x00007ffe9a490000 - 0x00007ffe9a4a8000 	C:\Program Files\Java\jdk-16.0.2\bin\jli.dll
0x00007ffeb05d0000 - 0x00007ffeb067c000 	C:\WINDOWS\System32\ADVAPI32.dll
0x00007ffeaee00000 - 0x00007ffeaee9e000 	C:\WINDOWS\System32\msvcrt.dll
0x00007ffeae880000 - 0x00007ffeae91b000 	C:\WINDOWS\System32\sechost.dll
0x00007ffeaef70000 - 0x00007ffeaf09a000 	C:\WINDOWS\System32\RPCRT4.dll
0x00007ffe97bc0000 - 0x00007ffe97e5a000 	C:\WINDOWS\WinSxS\amd64_microsoft.windows.common-controls_6595b64144ccf1df_6.0.19041.1110_none_60b5254171f9507e\COMCTL32.dll
0x00007ffeb01d0000 - 0x00007ffeb0371000 	C:\WINDOWS\System32\USER32.dll
0x00007ffeae7c0000 - 0x00007ffeae7e2000 	C:\WINDOWS\System32\win32u.dll
0x00007ffeafcf0000 - 0x00007ffeafd1b000 	C:\WINDOWS\System32\GDI32.dll
0x00007ffeadf60000 - 0x00007ffeae06b000 	C:\WINDOWS\System32\gdi32full.dll
0x00007ffea6b40000 - 0x00007ffea6b4a000 	C:\WINDOWS\SYSTEM32\VERSION.dll
0x00007ffeadec0000 - 0x00007ffeadf5d000 	C:\WINDOWS\System32\msvcp_win.dll
0x00007ffeb0680000 - 0x00007ffeb06b0000 	C:\WINDOWS\System32\IMM32.DLL
0x00007ffeab720000 - 0x00007ffeab72c000 	C:\Program Files\Java\jdk-16.0.2\bin\vcruntime140_1.dll
0x00007ffe89af0000 - 0x00007ffe89b81000 	C:\Program Files\Java\jdk-16.0.2\bin\msvcp140.dll
0x00007ffe11c60000 - 0x00007ffe1280b000 	C:\Program Files\Java\jdk-16.0.2\bin\server\jvm.dll
0x00007ffeafd20000 - 0x00007ffeafd28000 	C:\WINDOWS\System32\PSAPI.DLL
0x00007ffe9fb00000 - 0x00007ffe9fb09000 	C:\WINDOWS\SYSTEM32\WSOCK32.dll
0x00007ffea4e00000 - 0x00007ffea4e27000 	C:\WINDOWS\SYSTEM32\WINMM.dll
0x00007ffeaef00000 - 0x00007ffeaef6b000 	C:\WINDOWS\System32\WS2_32.dll
0x00007ffeabdc0000 - 0x00007ffeabdd2000 	C:\WINDOWS\SYSTEM32\kernel.appcore.dll
0x00007ffea9940000 - 0x00007ffea994a000 	C:\Program Files\Java\jdk-16.0.2\bin\jimage.dll
0x00007ffea4210000 - 0x00007ffea43f4000 	C:\WINDOWS\SYSTEM32\DBGHELP.DLL
0x00007ffea41b0000 - 0x00007ffea41dc000 	C:\WINDOWS\SYSTEM32\dbgcore.DLL
0x00007ffeae730000 - 0x00007ffeae7b3000 	C:\WINDOWS\System32\bcryptPrimitives.dll
0x00007ffea8aa0000 - 0x00007ffea8aae000 	C:\Program Files\Java\jdk-16.0.2\bin\instrument.dll
0x00007ffe9a460000 - 0x00007ffe9a485000 	C:\Program Files\Java\jdk-16.0.2\bin\java.dll
0x00007ffeaf520000 - 0x00007ffeafc5f000 	C:\WINDOWS\System32\SHELL32.dll
0x00007ffeabfc0000 - 0x00007ffeac750000 	C:\WINDOWS\SYSTEM32\windows.storage.dll
0x00007ffeaf1c0000 - 0x00007ffeaf515000 	C:\WINDOWS\System32\combase.dll
0x00007ffead8a0000 - 0x00007ffead8cc000 	C:\WINDOWS\SYSTEM32\Wldp.dll
0x00007ffeae920000 - 0x00007ffeae9cd000 	C:\WINDOWS\System32\SHCORE.dll
0x00007ffeb0440000 - 0x00007ffeb0495000 	C:\WINDOWS\System32\shlwapi.dll
0x00007ffeade00000 - 0x00007ffeade1f000 	C:\WINDOWS\SYSTEM32\profapi.dll
0x00007ffe85e70000 - 0x00007ffe85e88000 	C:\Program Files\Java\jdk-16.0.2\bin\zip.dll
0x00007ffe88c80000 - 0x00007ffe88c99000 	C:\Program Files\Java\jdk-16.0.2\bin\net.dll
0x00007ffea31a0000 - 0x00007ffea32a8000 	C:\WINDOWS\SYSTEM32\WINHTTP.dll
0x00007ffead5a0000 - 0x00007ffead60a000 	C:\WINDOWS\system32\mswsock.dll
0x00007ffe88c60000 - 0x00007ffe88c73000 	C:\Program Files\Java\jdk-16.0.2\bin\nio.dll
0x00007ffe574b0000 - 0x00007ffe574ca000 	C:\Program Files\JetBrains\IntelliJ IDEA Community Edition 2021.1.3\bin\breakgen64.dll
0x00007ffea8d90000 - 0x00007ffea8da0000 	C:\Program Files\Java\jdk-16.0.2\bin\verify.dll
0x00007ffea79c0000 - 0x00007ffea79c9000 	C:\Program Files\Java\jdk-16.0.2\bin\management.dll
0x00007ffea6a20000 - 0x00007ffea6a2b000 	C:\Program Files\Java\jdk-16.0.2\bin\management_ext.dll
0x00007ffe99cc0000 - 0x00007ffe99cd7000 	C:\WINDOWS\system32\napinsp.dll
0x00007ffe99ca0000 - 0x00007ffe99cbb000 	C:\WINDOWS\system32\pnrpnsp.dll
0x00007ffe99c80000 - 0x00007ffe99c95000 	C:\WINDOWS\system32\wshbth.dll
0x00007ffea97d0000 - 0x00007ffea97ed000 	C:\WINDOWS\system32\NLAapi.dll
0x00007ffead290000 - 0x00007ffead2cb000 	C:\WINDOWS\SYSTEM32\IPHLPAPI.DLL
0x00007ffead2d0000 - 0x00007ffead39c000 	C:\WINDOWS\SYSTEM32\DNSAPI.dll
0x00007ffeaed30000 - 0x00007ffeaed38000 	C:\WINDOWS\System32\NSI.dll
0x00007ffe99c60000 - 0x00007ffe99c72000 	C:\WINDOWS\System32\winrnr.dll
0x00007ffea3f40000 - 0x00007ffea3f4a000 	C:\Windows\System32\rasadhlp.dll
0x00007ffea3120000 - 0x00007ffea319f000 	C:\WINDOWS\System32\fwpuclnt.dll
0x00007ffeae4f0000 - 0x00007ffeae517000 	C:\WINDOWS\System32\bcrypt.dll
0x00007ffead790000 - 0x00007ffead7a8000 	C:\WINDOWS\SYSTEM32\CRYPTSP.dll
0x00007ffeacf20000 - 0x00007ffeacf54000 	C:\WINDOWS\system32\rsaenh.dll
0x00007ffeaddc0000 - 0x00007ffeaddee000 	C:\WINDOWS\SYSTEM32\USERENV.dll
0x00007ffead7b0000 - 0x00007ffead7bc000 	C:\WINDOWS\SYSTEM32\CRYPTBASE.dll
0x00007ffea25f0000 - 0x00007ffea2607000 	C:\WINDOWS\SYSTEM32\dhcpcsvc6.DLL
0x00007ffea6b20000 - 0x00007ffea6b3d000 	C:\WINDOWS\SYSTEM32\dhcpcsvc.DLL

dbghelp: loaded successfully - version: 4.0.5 - missing functions: none
symbol engine: initialized successfully - sym options: 0x614 - pdb path: .;C:\Program Files\Java\jdk-16.0.2\bin;C:\WINDOWS\SYSTEM32;C:\WINDOWS\WinSxS\amd64_microsoft.windows.common-controls_6595b64144ccf1df_6.0.19041.1110_none_60b5254171f9507e;C:\Program Files\Java\jdk-16.0.2\bin\server;C:\Program Files\JetBrains\IntelliJ IDEA Community Edition 2021.1.3\bin

VM Arguments:
jvm_args: -javaagent:C:\Program Files\JetBrains\IntelliJ IDEA Community Edition 2021.1.3\lib\idea_rt.jar=52855:C:\Program Files\JetBrains\IntelliJ IDEA Community Edition 2021.1.3\bin -Dfile.encoding=UTF-8 
java_command: Authentication.Service.AuthenticationServiceApplication
java_class_path (initial): C:\Users\HP\Downloads\Authentication-Service\target\classes;C:\Users\HP\.m2\repository\org\springframework\boot\spring-boot-starter-security\2.5.3\spring-boot-starter-security-2.5.3.jar;C:\Users\HP\.m2\repository\org\springframework\boot\spring-boot-starter\2.5.3\spring-boot-starter-2.5.3.jar;C:\Users\HP\.m2\repository\org\springframework\boot\spring-boot\2.5.3\spring-boot-2.5.3.jar;C:\Users\HP\.m2\repository\org\springframework\boot\spring-boot-autoconfigure\2.5.3\spring-boot-autoconfigure-2.5.3.jar;C:\Users\HP\.m2\repository\org\springframework\boot\spring-boot-starter-logging\2.5.3\spring-boot-starter-logging-2.5.3.jar;C:\Users\HP\.m2\repository\ch\qos\logback\logback-classic\1.2.4\logback-classic-1.2.4.jar;C:\Users\HP\.m2\repository\ch\qos\logback\logback-core\1.2.4\logback-core-1.2.4.jar;C:\Users\HP\.m2\repository\org\apache\logging\log4j\log4j-to-slf4j\2.14.1\log4j-to-slf4j-2.14.1.jar;C:\Users\HP\.m2\repository\org\apache\logging\log4j\log4j-api\2.14.1\log4j-api-2.14.1.jar;C:\Users\HP\.m2\repository\org\slf4j\jul-to-slf4j\1.7.32\jul-to-slf4j-1.7.32.jar;C:\Users\HP\.m2\repository\jakarta\annotation\jakarta.annotation-api\1.3.5\jakarta.annotation-api-1.3.5.jar;C:\Users\HP\.m2\repository\org\yaml\snakeyaml\1.28\snakeyaml-1.28.jar;C:\Users\HP\.m2\repository\org\springframework\spring-aop\5.3.9\spring-aop-5.3.9.jar;C:\Users\HP\.m2\repository\org\springframework\spring-beans\5.3.9\spring-beans-5.3.9.jar;C:\Users\HP\.m2\repository\org\springframework\security\spring-security-config\5.5.1\spring-security-config-5.5.1.jar;C:\Users\HP\.m2\repository\org\springframework\spring-context\5.3.9\spring-context-5.3.9.jar;C:\Users\HP\.m2\repository\org\springframework\security\spring-security-web\5.5.1\spring-security-web-5.5.1.jar;C:\Users\HP\.m2\repository\org\springframework\spring-expression\5.3.9\spring-expression-5.3.9.jar;C:\Users\HP\.m2\repository\org\springframework\boot\spring-boot-starter-web\2.5.3\spring-boot-starter-web-2.5.3.jar;C:\Use
Launcher Type: SUN_STANDARD

[Global flags]
     intx CICompilerCount                          = 4                                         {product} {ergonomic}
     uint ConcGCThreads                            = 2                                         {product} {ergonomic}
     uint G1ConcRefinementThreads                  = 8                                         {product} {ergonomic}
   size_t G1HeapRegionSize                         = 1048576                                   {product} {ergonomic}
    uintx GCDrainStackTargetSize                   = 64                                        {product} {ergonomic}
   size_t InitialHeapSize                          = 100663296                                 {product} {ergonomic}
   size_t MarkStackSize                            = 4194304                                   {product} {ergonomic}
   size_t MaxHeapSize                              = 1598029824                                {product} {ergonomic}
   size_t MaxNewSize                               = 958398464                                 {product} {ergonomic}
   size_t MinHeapDeltaBytes                        = 1048576                                   {product} {ergonomic}
   size_t MinHeapSize                              = 8388608                                   {product} {ergonomic}
    uintx NonNMethodCodeHeapSize                   = 5839372                                {pd product} {ergonomic}
    uintx NonProfiledCodeHeapSize                  = 122909434                              {pd product} {ergonomic}
    uintx ProfiledCodeHeapSize                     = 122909434                              {pd product} {ergonomic}
    uintx ReservedCodeCacheSize                    = 251658240                              {pd product} {ergonomic}
     bool SegmentedCodeCache                       = true                                      {product} {ergonomic}
   size_t SoftMaxHeapSize                          = 1598029824                             {manageable} {ergonomic}
     bool UseCompressedClassPointers               = true                           {product lp64_product} {ergonomic}
     bool UseCompressedOops                        = true                           {product lp64_product} {ergonomic}
     bool UseG1GC                                  = true                                      {product} {ergonomic}
     bool UseLargePagesIndividualAllocation        = false                                  {pd product} {ergonomic}

Logging:
Log output configuration:
 #0: stdout all=warning uptime,level,tags
 #1: stderr all=off uptime,level,tags

Environment Variables:
JAVA_HOME=C:\Program Files\Java\jdk-16.0.2
PATH=C:\Program Files\Common Files\Oracle\Java\javapath;C:\WINDOWS\system32;C:\WINDOWS;C:\WINDOWS\System32\Wbem;C:\WINDOWS\System32\WindowsPowerShell\v1.0\;C:\WINDOWS\System32\OpenSSH\;C:\Program Files\dotnet\;C:\Program Files\Microsoft SQL Server\130\Tools\Binn\;C:\Program Files\Microsoft SQL Server\Client SDK\ODBC\170\Tools\Binn\;C:\Program Files\Microsoft SQL Server\Client SDK\ODBC\110\Tools\Binn\;C:\Program Files (x86)\Microsoft SQL Server\120\Tools\Binn\ManagementStudio\;C:\Program Files (x86)\Microsoft SQL Server\120\Tools\Binn\;C:\Program Files\Microsoft SQL Server\120\Tools\Binn\;C:\Program Files (x86)\Microsoft SQL Server\120\DTS\Binn\;C:\Program Files\Microsoft SQL Server\120\DTS\Binn\;C:\Program Files (x86)\dotnet\;C:\Program Files\Git\cmd;C:\Program Files\nodejs\;C:\Program Files\Java\jdk-16.0.2\bin;C:\Program Files\MySQL\MySQL Shell 8.0\bin\;C:\Users\HP\AppData\Local\Microsoft\WindowsApps;C:\Users\HP\.dotnet\tools;C:\Users\HP\AppData\Local\Programs\Microsoft VS Code\bin;C:\Users\HP\AppData\Roaming\npm;C:\Program Files\JetBrains\IntelliJ IDEA Community Edition 2021.1.3\bin;
USERNAME=HP
OS=Windows_NT
PROCESSOR_IDENTIFIER=AMD64 Family 23 Model 24 Stepping 1, AuthenticAMD



---------------  S Y S T E M  ---------------

OS:
 Windows 10 , 64 bit Build 19041 (10.0.19041.1202)
OS uptime: 1 days 1:19 hours

CPU: total 8 (initial active 8) (8 cores per cpu, 2 threads per core) family 23 model 24 stepping 1 microcode 0x0, cx8, cmov, fxsr, ht, mmx, 3dnowpref, sse, sse2, sse3, ssse3, sse4a, sse4.1, sse4.2, popcnt, lzcnt, tsc, tscinvbit, avx, avx2, aes, clmul, bmi1, bmi2, adx, sha, fma, vzeroupper, clflush, clflushopt

Memory: 4k page, system-wide physical 6090M (471M free)
TotalPageFile size 14781M (AvailPageFile size 3M)
current process WorkingSet (physical memory assigned to process): 209M, peak: 209M
current process commit charge ("private bytes"): 248M, peak: 250M

vm_info: Java HotSpot(TM) 64-Bit Server VM (16.0.2+7-67) for windows-amd64 JRE (16.0.2+7-67), built on Jun  8 2021 23:24:19 by "mach5one" with MS VC++ 16.7 (VS2019)

END.
